<?xml version="1.0" encoding="UTF-8"?>
<!-- Generated by org.testng.reporters.JUnitReportReporter -->
<testsuite hostname="LAPTOP-SEKB145S" failures="0" tests="2" name="Tests.TestNG_Demo" time="8.898" errors="0" timestamp="2020-05-03T19:59:47 IST" skipped="0">
  <testcase classname="Tests.TestNG_Demo" name="googleSearch" time="7.771"/>
  <system-out/>
  <testcase classname="Tests.TestNG_Demo" name="googleSearch2" time="1.127"/>
  <system-out/>
</testsuite> <!-- Tests.TestNG_Demo -->
