<?xml version="1.0" encoding="UTF-8"?>
<!-- Generated by org.testng.reporters.JUnitReportReporter -->
<testsuite hostname="LAPTOP-SEKB145S" failures="0" tests="4" name="Tests.ExtentReportsDemoWithTestNG" time="3.920" errors="0" timestamp="2020-05-03T15:05:01 IST" skipped="0">
  <testcase classname="Tests.ExtentReportsDemoWithTestNG" name="testt" time="0.775"/>
  <system-out/>
  <testcase classname="Tests.ExtentReportsDemoWithTestNG" name="test2" time="0.007"/>
  <system-out/>
  <testcase classname="Tests.ExtentReportsDemoWithTestNG" name="test1" time="3.135"/>
  <system-out/>
  <testcase classname="Tests.ExtentReportsDemoWithTestNG" name="testt2" time="0.003"/>
  <system-out/>
</testsuite> <!-- Tests.ExtentReportsDemoWithTestNG -->
